<?xml version="1.0" encoding="UTF-8"?>
<testsuite xmlns:xsi="http://www.w3.org/2001/XMLSchema-instance" xsi:noNamespaceSchemaLocation="https://maven.apache.org/surefire/maven-surefire-plugin/xsd/surefire-test-report-3.0.xsd" version="3.0" name="CalculatorTests" time="0.041" tests="12" errors="0" skipped="0" failures="0">
  <properties>
[...]
</properties>
  <testcase name="subtract_basicSubtractionNegative_returnsNegative" classname="CalculatorTests" time="0.015"/>
  <testcase name="add_twoNegativeNumbers_returnsSum" classname="CalculatorTests" time="0.001"/>
  <testcase name="isEven_negativeEvenNumber_returnTrue" classname="CalculatorTests" time="0.002"/>
  <testcase name="add_valuePlusZero_returnsSum" classname="CalculatorTests" time="0.0"/>
  <testcase name="add_twoPositiveNumbers_returnsSum" classname="CalculatorTests" time="0.0"/>
  <testcase name="isEven_positiveOddNumbers_throwsArithmeticError" classname="CalculatorTests" time="0.001"/>
  <testcase name="subtract_basicSubtractionZero_returnsSame" classname="CalculatorTests" time="0.001"/>
  <testcase name="isEven_zero_returnTrue" classname="CalculatorTests" time="0.001"/>
  <testcase name="subtract_basicSubtractionPositive_returnsPositive" classname="CalculatorTests" time="0.001"/>
  <testcase name="isEven_negativeOddNumber_returnFalse" classname="CalculatorTests" time="0.0"/>
  <testcase name="isEven_positiveNumbers_returnTrue" classname="CalculatorTests" time="0.0"/>
  <testcase name="add_positiveNegativeAddition_returnsSum" classname="CalculatorTests" time="0.001"/>
</testsuite>